0 info it worked if it ends with ok
1 verbose cli [ 'C:\\nodejs\\node.exe',
1 verbose cli   'C:\\nodejs\\node_modules\\npm\\bin\\npm-cli.js',
1 verbose cli   'run',
1 verbose cli   'build' ]
2 info using npm@3.10.10
3 info using node@v6.10.3
4 verbose run-script [ 'prebuild', 'build', 'postbuild' ]
5 info lifecycle masks-js@0.0.1~prebuild: masks-js@0.0.1
6 silly lifecycle masks-js@0.0.1~prebuild: no script for prebuild, continuing
7 info lifecycle masks-js@0.0.1~build: masks-js@0.0.1
8 verbose lifecycle masks-js@0.0.1~build: unsafe-perm in lifecycle true
9 verbose lifecycle masks-js@0.0.1~build: PATH: C:\nodejs\node_modules\npm\bin\node-gyp-bin;C:\rajiv\projects_samples\mynpm\masks-js\node_modules\.bin;C:\IBM\WebSphereMQ\java\lib;C:\IBM\WebSphereMQ\java\lib64;C:\app\rranjan\product\12.1.0\dbhome_2\bin;C:\app\rranjan\product\12.1.0\dbhome_1\bin;C:\ProgramData\Oracle\Java\javapath;C:\WINDOWS\system32;C:\WINDOWS;C:\WINDOWS\System32\Wbem;C:\WINDOWS\System32\WindowsPowerShell\v1.0\;C:\HashiCorp\Vagrant\bin;C:\OpenSSH\bin;C:\Program Files\ibm\gsk8\lib64;C:\Program Files (x86)\ibm\gsk8\lib;C:\IBM\SQLLIB\BIN;C:\IBM\SQLLIB\FUNCTION;C:\IBM\SQLLIB\SAMPLES\REPL;C:\Program Files (x86)\Skype\Phone\;C:\Program Files (x86)\Calibre2\;C:\CloudFoundry;C:\Program Files\MySQL\MySQL Utilities 1.6\;C:\nodejs\;C:\PuTTY\;C:\Git\cmd;C:\WinSCP\;C:\IBM\WebSphereMQ\bin64;C:\IBM\WebSphereMQ\bin;C:\IBM\WebSphereMQ\tools\c\samples\bin;C:\Users\Rajiv Ranjan\.minishift\cache\oc\v3.5.5.8;c:\DevelopmentSuite\cdk\bin;c:\DevelopmentSuite\cygwin\bin;c:\DevelopmentSuite\kompose;C:\Users\Rajiv Ranjan\AppData\Roaming\npm;C:\DockerToolbox;%USERPROFILE%\AppData\Local\Microsoft\WindowsApps;
10 verbose lifecycle masks-js@0.0.1~build: CWD: C:\rajiv\projects_samples\mynpm\masks-js
11 silly lifecycle masks-js@0.0.1~build: Args: [ '/d /s /c', 'babel ./src -d ./lib' ]
12 silly lifecycle masks-js@0.0.1~build: Returned: code: 1  signal: null
13 info lifecycle masks-js@0.0.1~build: Failed to exec build script
14 verbose stack Error: masks-js@0.0.1 build: `babel ./src -d ./lib`
14 verbose stack Exit status 1
14 verbose stack     at EventEmitter.<anonymous> (C:\nodejs\node_modules\npm\lib\utils\lifecycle.js:255:16)
14 verbose stack     at emitTwo (events.js:106:13)
14 verbose stack     at EventEmitter.emit (events.js:191:7)
14 verbose stack     at ChildProcess.<anonymous> (C:\nodejs\node_modules\npm\lib\utils\spawn.js:40:14)
14 verbose stack     at emitTwo (events.js:106:13)
14 verbose stack     at ChildProcess.emit (events.js:191:7)
14 verbose stack     at maybeClose (internal/child_process.js:886:16)
14 verbose stack     at Process.ChildProcess._handle.onexit (internal/child_process.js:226:5)
15 verbose pkgid masks-js@0.0.1
16 verbose cwd C:\rajiv\projects_samples\mynpm\masks-js
17 error Windows_NT 10.0.15063
18 error argv "C:\\nodejs\\node.exe" "C:\\nodejs\\node_modules\\npm\\bin\\npm-cli.js" "run" "build"
19 error node v6.10.3
20 error npm  v3.10.10
21 error code ELIFECYCLE
22 error masks-js@0.0.1 build: `babel ./src -d ./lib`
22 error Exit status 1
23 error Failed at the masks-js@0.0.1 build script 'babel ./src -d ./lib'.
23 error Make sure you have the latest version of node.js and npm installed.
23 error If you do, this is most likely a problem with the masks-js package,
23 error not with npm itself.
23 error Tell the author that this fails on your system:
23 error     babel ./src -d ./lib
23 error You can get information on how to open an issue for this project with:
23 error     npm bugs masks-js
23 error Or if that isn't available, you can get their info via:
23 error     npm owner ls masks-js
23 error There is likely additional logging output above.
24 verbose exit [ 1, true ]
